mode: set
firstGo/container/norepeating/nonrepeating.go:5.47,11.31 4 1
firstGo/container/norepeating/nonrepeating.go:21.2,21.18 1 1
firstGo/container/norepeating/nonrepeating.go:11.31,13.58 1 1
firstGo/container/norepeating/nonrepeating.go:16.3,16.28 1 1
firstGo/container/norepeating/nonrepeating.go:19.3,19.23 1 1
firstGo/container/norepeating/nonrepeating.go:13.58,15.4 1 1
firstGo/container/norepeating/nonrepeating.go:16.28,18.4 1 1
firstGo/container/norepeating/nonrepeating.go:28.48,32.30 1 0
firstGo/container/norepeating/nonrepeating.go:36.2,38.31 3 0
firstGo/container/norepeating/nonrepeating.go:48.2,48.18 1 0
firstGo/container/norepeating/nonrepeating.go:32.30,34.3 1 0
firstGo/container/norepeating/nonrepeating.go:38.31,40.48 1 0
firstGo/container/norepeating/nonrepeating.go:43.3,43.28 1 0
firstGo/container/norepeating/nonrepeating.go:46.3,46.27 1 0
firstGo/container/norepeating/nonrepeating.go:40.48,42.4 1 0
firstGo/container/norepeating/nonrepeating.go:43.28,45.4 1 0
firstGo/container/norepeating/nonrepeating.go:52.13,66.2 10 0
